2022-08-03 15:03:43,919 - INFO - ****************************** Test_001_Login **********************************************
2022-08-03 15:03:43,919 - INFO - ****************************** Verifying HomePage Title *************************************
2022-08-03 15:03:44,672 - INFO - ****************************** HomePage Title test is passed **********************************************
2022-08-03 15:49:38,989 - INFO - ****************************** Test_001_Login **********************************************
2022-08-03 15:49:38,997 - INFO - ****************************** Verifying HomePage Title ************************************
2022-08-03 15:49:40,024 - INFO - ****************************** HomePage Title test is passed ***************************
2022-08-03 15:49:41,514 - INFO - ****************************** Verifying Login Test ************************************
2022-08-03 15:54:40,324 - INFO - ****************************** Test_001_Login **********************************************
2022-08-03 15:54:40,324 - INFO - ****************************** Verifying HomePage Title ************************************
2022-08-03 15:54:40,868 - INFO - ****************************** HomePage Title test is passed ***************************
2022-08-03 15:54:42,377 - INFO - ****************************** Verifying Login Test ************************************
2022-08-03 15:56:19,702 - INFO - ****************************** Test_001_Login **********************************************
2022-08-03 15:56:19,702 - INFO - ****************************** Verifying HomePage Title ************************************
2022-08-03 15:56:20,263 - INFO - ****************************** HomePage Title test is passed ***************************
2022-08-03 15:56:21,753 - INFO - ****************************** Verifying Login Test ************************************
2022-08-03 16:01:15,040 - INFO - ****************************** Test_001_Login **********************************************
2022-08-03 16:01:15,040 - INFO - ****************************** Verifying HomePage Title ************************************
2022-08-03 16:01:15,643 - INFO - ****************************** HomePage Title test is passed ***************************
2022-08-03 16:01:17,177 - INFO - ****************************** Verifying Login Test ************************************
2022-08-03 16:06:42,523 - INFO - ****************************** Test_001_Login **********************************************
2022-08-03 16:06:42,523 - INFO - ****************************** Verifying HomePage Title ************************************
2022-08-03 16:06:43,268 - INFO - ****************************** HomePage Title test is passed ***************************
2022-08-03 16:06:44,873 - INFO - ****************************** Verifying Login Test ************************************
2022-08-03 16:13:41,882 - INFO - ****************************** Test_001_Login **********************************************
2022-08-03 16:13:41,890 - INFO - ****************************** Verifying HomePage Title ************************************
2022-08-03 16:13:42,509 - INFO - ****************************** HomePage Title test is passed ***************************
2022-08-03 16:13:44,042 - INFO - ****************************** Verifying Login Test ************************************
2022-08-03 16:15:12,994 - INFO - ****************************** Test_001_Login **********************************************
2022-08-03 16:15:12,994 - INFO - ****************************** Verifying HomePage Title ************************************
2022-08-03 16:15:13,555 - INFO - ****************************** HomePage Title test is passed ***************************
2022-08-03 16:15:15,190 - INFO - ****************************** Verifying Login Test ************************************
2022-08-03 16:26:35,638 - INFO - ****************************** Test_001_Login **********************************************
2022-08-03 16:26:35,646 - INFO - ****************************** Verifying HomePage Title ************************************
2022-08-03 16:26:36,257 - INFO - ****************************** HomePage Title test is passed ***************************
2022-08-03 16:26:37,663 - INFO - ****************************** Verifying Login Test ************************************
2022-08-04 09:58:32,178 - INFO - ****************************** Test_001_Login **********************************************
2022-08-04 09:58:32,184 - INFO - ****************************** Verifying HomePage Title ************************************
2022-08-04 09:58:34,139 - INFO - ****************************** HomePage Title test is passed ***************************
2022-08-04 10:03:45,504 - INFO - ****************************** Test_001_Login **********************************************
2022-08-04 10:03:45,505 - INFO - ****************************** Verifying HomePage Title ************************************
2022-08-04 10:03:46,262 - INFO - ****************************** HomePage Title test is passed ***************************
2022-08-04 10:03:47,974 - INFO - ****************************** Verifying Login Test ************************************
2022-08-04 10:06:43,273 - INFO - ****************************** Test_001_Login **********************************************
2022-08-04 10:06:43,273 - INFO - ****************************** Verifying HomePage Title ************************************
2022-08-04 10:06:44,183 - INFO - ****************************** HomePage Title test is passed ***************************
2022-08-04 10:06:45,772 - INFO - ****************************** Verifying Login Test ************************************
2022-08-04 10:12:37,938 - INFO - ****************************** Test_001_Login **********************************************
2022-08-04 10:12:37,938 - INFO - ****************************** Verifying HomePage Title ************************************
2022-08-04 10:12:39,017 - INFO - ****************************** HomePage Title test is passed ***************************
2022-08-04 10:12:42,461 - INFO - ****************************** Verifying Login Test ************************************
2022-08-04 11:10:10,460 - INFO - ****************************** Test_001_Login **********************************************
2022-08-04 11:10:10,460 - INFO - ****************************** Verifying HomePage Title ************************************
2022-08-04 11:10:15,320 - INFO - ****************************** HomePage Title test is passed ***************************
2022-08-04 11:10:18,729 - INFO - ****************************** Verifying Login Test ************************************
2022-08-04 12:29:03,138 - INFO - ****************************** Test_001_Login **********************************************
2022-08-04 12:29:03,139 - INFO - ****************************** Verifying HomePage Title ************************************
2022-08-04 12:29:04,456 - INFO - ****************************** HomePage Title test is passed ***************************
2022-08-04 12:29:07,942 - INFO - ****************************** Verifying Login Test ************************************
2022-08-04 12:29:12,493 - INFO - ****************************** Login test is passed ***************************
2022-08-04 12:38:29,339 - INFO - ****************************** Test_001_Login **********************************************
2022-08-04 12:38:29,340 - INFO - ****************************** Verifying HomePage Title ************************************
2022-08-04 12:38:30,146 - INFO - ****************************** HomePage Title test is passed ***************************
2022-08-04 12:38:33,588 - INFO - ****************************** Verifying Login Test ************************************
2022-08-04 12:38:38,020 - INFO - ****************************** Login test is passed ***************************
